<?xml version="1.0" encoding="UTF-8"?>
<!-- Generated by org.testng.reporters.JUnitXMLReporter -->
<testsuite hostname="ganespal" ignored="0" name="Assignment Tests" tests="6" failures="0" timestamp="21 Apr 2019 12:12:22 GMT" time="90.449" errors="0">
  <testcase name="@AfterTest Waitfor" time="0.013" classname="Com.Project.TestCase.TestCase">
    <failure type="org.openqa.selenium.NoSuchSessionException" message="Session ID is null. Using WebDriver after calling quit()?
Build info: version: &amp;apos;3.11.0&amp;apos;, revision: &amp;apos;e59cfb3&amp;apos;, time: &amp;apos;2018-03-11T20:26:55.152Z&amp;apos;
System info: host: &amp;apos;GANESPAL&amp;apos;, ip: &amp;apos;192.168.1.100&amp;apos;, os.name: &amp;apos;Windows 10&amp;apos;, os.arch: &amp;apos;amd64&amp;apos;, os.version: &amp;apos;10.0&amp;apos;, java.version: &amp;apos;1.8.0_171&amp;apos;
Driver info: driver.version: RemoteWebDriver">
      <![CDATA[org.openqa.selenium.NoSuchSessionException: Session ID is null. Using WebDriver after calling quit()?
Build info: version: '3.11.0', revision: 'e59cfb3', time: '2018-03-11T20:26:55.152Z'
System info: host: 'GANESPAL', ip: '192.168.1.100', os.name: 'Windows 10', os.arch: 'amd64', os.version: '10.0', java.version: '1.8.0_171'
Driver info: driver.version: RemoteWebDriver
	at org.openqa.selenium.remote.HttpCommandExecutor.execute(HttpCommandExecutor.java:125)
	at org.openqa.selenium.remote.service.DriverCommandExecutor.execute(DriverCommandExecutor.java:83)
	at org.openqa.selenium.remote.RemoteWebDriver.execute(RemoteWebDriver.java:545)
	at org.openqa.selenium.remote.RemoteWebDriver$RemoteWebDriverOptions$RemoteTimeouts.implicitlyWait(RemoteWebDriver.java:779)
	at Com.Project.TestCase.TestCase.Waitfor(TestCase.java:119)
... Removed 23 stack frames]]>
    </failure>
  </testcase> <!-- @AfterTest Waitfor -->
  <testcase name="BasicCheck" time="0.96" classname="Com.Project.TestCase.TestCase"/>
  <testcase name="SearchCriteria" time="7.441" classname="Com.Project.TestCase.TestCase"/>
  <testcase name="GetBookDetails" time="5.116" classname="Com.Project.TestCase.TestCase"/>
  <testcase name="Get_PaperBack_Details" time="2.575" classname="Com.Project.TestCase.TestCase"/>
  <testcase name="Kindle" time="5.386" classname="Com.Project.TestCase.TestCase"/>
  <testcase name="Other" time="0.711" classname="Com.Project.TestCase.TestCase"/>
</testsuite> <!-- Assignment Tests -->
